<?xml version="1.0" encoding="UTF-8"?>
<testng-results skipped="0" failed="11" total="11" passed="0">
  <reporter-output>
  </reporter-output>
  <suite name="Red Robin Royalty" duration-ms="17841" started-at="2017-07-06T19:12:28Z" finished-at="2017-07-06T19:12:46Z">
    <groups>
    </groups>
    <test name="Red Robin Royalty Test" duration-ms="17841" started-at="2017-07-06T19:12:28Z" finished-at="2017-07-06T19:12:46Z">
      <class name="raysullivan.driver.RedRobinRoyaltyDriver">
        <test-method status="PASS" signature="beforeSuite()[pri:0, instance:raysullivan.driver.RedRobinRoyaltyDriver@5ce81285]" name="beforeSuite" is-config="true" duration-ms="11" started-at="2017-07-06T13:12:28Z" finished-at="2017-07-06T13:12:28Z">
          <reporter-output>
          </reporter-output>
        </test-method> <!-- beforeSuite -->
        <test-method status="FAIL" signature="testDriver(java.lang.String, java.lang.String, java.lang.String, java.lang.String, java.lang.String, int, java.lang.String, int, boolean, boolean)[pri:0, instance:raysullivan.driver.RedRobinRoyaltyDriver@5ce81285]" name="testDriver" duration-ms="7097" started-at="2017-07-06T13:12:28Z" finished-at="2017-07-06T13:12:35Z">
          <params>
            <param index="0">
              <value>
                <![CDATA[RedRobinRoyaltyTestCases]]>
              </value>
            </param>
            <param index="1">
              <value>
                <![CDATA[LandingPageUpper]]>
              </value>
            </param>
            <param index="2">
              <value>
                <![CDATA[RedRobinRoyaltyResults]]>
              </value>
            </param>
            <param index="3">
              <value>
                <![CDATA[Firefox]]>
              </value>
            </param>
            <param index="4">
              <value>
                <![CDATA[TestProfile]]>
              </value>
            </param>
            <param index="5">
              <value>
                <![CDATA[20]]>
              </value>
            </param>
            <param index="6">
              <value>
                <![CDATA[RedRobinRoyalty.properties]]>
              </value>
            </param>
            <param index="7">
              <value>
                <![CDATA[1]]>
              </value>
            </param>
            <param index="8">
              <value>
                <![CDATA[false]]>
              </value>
            </param>
            <param index="9">
              <value>
                <![CDATA[false]]>
              </value>
            </param>
          </params>
          <exception class="java.lang.AssertionError">
            <message>
              <![CDATA[Error in operation RedRobinRoyaltyTestCases\LandingPageUpper\Launch RedRobin.com Row 3 GOTOURL RedRobinRoyalty  Expecting: "Success" Actual: "Error: URL property  not found in property file RedRobinRoyalty.properties"]]>
            </message>
            <full-stacktrace>
              <![CDATA[java.lang.AssertionError: Error in operation RedRobinRoyaltyTestCases\LandingPageUpper\Launch RedRobin.com Row 3 GOTOURL RedRobinRoyalty  Expecting: "Success" Actual: "Error: URL property  not found in property file RedRobinRoyalty.properties"
	at org.junit.Assert.fail(Assert.java:93)
	at org.junit.Assert.assertTrue(Assert.java:43)
	at raysullivan.operation.AdTestDriver.testDriver(AdTestDriver.java:207)
	at sun.reflect.NativeMethodAccessorImpl.invoke0(Native Method)
	at sun.reflect.NativeMethodAccessorImpl.invoke(Unknown Source)
	at sun.reflect.DelegatingMethodAccessorImpl.invoke(Unknown Source)
	at java.lang.reflect.Method.invoke(Unknown Source)
	at org.testng.internal.MethodInvocationHelper.invokeMethod(MethodInvocationHelper.java:80)
	at org.testng.internal.Invoker.invokeMethod(Invoker.java:714)
	at org.testng.internal.Invoker.invokeTestMethod(Invoker.java:901)
	at org.testng.internal.Invoker.invokeTestMethods(Invoker.java:1231)
	at org.testng.internal.TestMethodWorker.invokeTestMethods(TestMethodWorker.java:127)
	at org.testng.internal.TestMethodWorker.run(TestMethodWorker.java:111)
	at org.testng.TestRunner.privateRun(TestRunner.java:767)
	at org.testng.TestRunner.run(TestRunner.java:617)
	at org.testng.SuiteRunner.runTest(SuiteRunner.java:334)
	at org.testng.SuiteRunner.runSequentially(SuiteRunner.java:329)
	at org.testng.SuiteRunner.privateRun(SuiteRunner.java:291)
	at org.testng.SuiteRunner.run(SuiteRunner.java:240)
	at org.testng.SuiteRunnerWorker.runSuite(SuiteRunnerWorker.java:52)
	at org.testng.SuiteRunnerWorker.run(SuiteRunnerWorker.java:86)
	at org.testng.TestNG.runSuitesSequentially(TestNG.java:1198)
	at org.testng.TestNG.runSuitesLocally(TestNG.java:1123)
	at org.testng.TestNG.run(TestNG.java:1031)
	at org.testng.remote.AbstractRemoteTestNG.run(AbstractRemoteTestNG.java:132)
	at org.testng.remote.RemoteTestNG.initAndRun(RemoteTestNG.java:230)
	at org.testng.remote.RemoteTestNG.main(RemoteTestNG.java:76)
]]>
            </full-stacktrace>
          </exception> <!-- java.lang.AssertionError -->
          <reporter-output>
          </reporter-output>
        </test-method> <!-- testDriver -->
        <test-method status="FAIL" signature="testDriver(java.lang.String, java.lang.String, java.lang.String, java.lang.String, java.lang.String, int, java.lang.String, int, boolean, boolean)[pri:0, instance:raysullivan.driver.RedRobinRoyaltyDriver@5ce81285]" name="testDriver" duration-ms="648" started-at="2017-07-06T13:12:40Z" finished-at="2017-07-06T13:12:40Z">
          <params>
            <param index="0">
              <value>
                <![CDATA[RedRobinRoyaltyTestCases]]>
              </value>
            </param>
            <param index="1">
              <value>
                <![CDATA[LandingPageSocial]]>
              </value>
            </param>
            <param index="2">
              <value>
                <![CDATA[RedRobinRoyaltyResults]]>
              </value>
            </param>
            <param index="3">
              <value>
                <![CDATA[Firefox]]>
              </value>
            </param>
            <param index="4">
              <value>
                <![CDATA[TestProfile]]>
              </value>
            </param>
            <param index="5">
              <value>
                <![CDATA[20]]>
              </value>
            </param>
            <param index="6">
              <value>
                <![CDATA[RedRobinRoyalty.properties]]>
              </value>
            </param>
            <param index="7">
              <value>
                <![CDATA[1]]>
              </value>
            </param>
            <param index="8">
              <value>
                <![CDATA[false]]>
              </value>
            </param>
            <param index="9">
              <value>
                <![CDATA[false]]>
              </value>
            </param>
          </params>
          <exception class="java.lang.AssertionError">
            <message>
              <![CDATA[Error in operation RedRobinRoyaltyTestCases\LandingPageSocial\Launch RedRobin.com Row 3 GOTOURL RedRobinRoyalty  Expecting: "Success" Actual: "Error: URL property  not found in property file RedRobinRoyalty.properties"]]>
            </message>
            <full-stacktrace>
              <![CDATA[java.lang.AssertionError: Error in operation RedRobinRoyaltyTestCases\LandingPageSocial\Launch RedRobin.com Row 3 GOTOURL RedRobinRoyalty  Expecting: "Success" Actual: "Error: URL property  not found in property file RedRobinRoyalty.properties"
	at org.junit.Assert.fail(Assert.java:93)
	at org.junit.Assert.assertTrue(Assert.java:43)
	at raysullivan.operation.AdTestDriver.testDriver(AdTestDriver.java:207)
	at sun.reflect.NativeMethodAccessorImpl.invoke0(Native Method)
	at sun.reflect.NativeMethodAccessorImpl.invoke(Unknown Source)
	at sun.reflect.DelegatingMethodAccessorImpl.invoke(Unknown Source)
	at java.lang.reflect.Method.invoke(Unknown Source)
	at org.testng.internal.MethodInvocationHelper.invokeMethod(MethodInvocationHelper.java:80)
	at org.testng.internal.Invoker.invokeMethod(Invoker.java:714)
	at org.testng.internal.Invoker.invokeTestMethod(Invoker.java:901)
	at org.testng.internal.Invoker.invokeTestMethods(Invoker.java:1231)
	at org.testng.internal.TestMethodWorker.invokeTestMethods(TestMethodWorker.java:127)
	at org.testng.internal.TestMethodWorker.run(TestMethodWorker.java:111)
	at org.testng.TestRunner.privateRun(TestRunner.java:767)
	at org.testng.TestRunner.run(TestRunner.java:617)
	at org.testng.SuiteRunner.runTest(SuiteRunner.java:334)
	at org.testng.SuiteRunner.runSequentially(SuiteRunner.java:329)
	at org.testng.SuiteRunner.privateRun(SuiteRunner.java:291)
	at org.testng.SuiteRunner.run(SuiteRunner.java:240)
	at org.testng.SuiteRunnerWorker.runSuite(SuiteRunnerWorker.java:52)
	at org.testng.SuiteRunnerWorker.run(SuiteRunnerWorker.java:86)
	at org.testng.TestNG.runSuitesSequentially(TestNG.java:1198)
	at org.testng.TestNG.runSuitesLocally(TestNG.java:1123)
	at org.testng.TestNG.run(TestNG.java:1031)
	at org.testng.remote.AbstractRemoteTestNG.run(AbstractRemoteTestNG.java:132)
	at org.testng.remote.RemoteTestNG.initAndRun(RemoteTestNG.java:230)
	at org.testng.remote.RemoteTestNG.main(RemoteTestNG.java:76)
]]>
            </full-stacktrace>
          </exception> <!-- java.lang.AssertionError -->
          <reporter-output>
          </reporter-output>
        </test-method> <!-- testDriver -->
        <test-method status="FAIL" signature="testDriver(java.lang.String, java.lang.String, java.lang.String, java.lang.String, java.lang.String, int, java.lang.String, int, boolean, boolean)[pri:0, instance:raysullivan.driver.RedRobinRoyaltyDriver@5ce81285]" name="testDriver" duration-ms="531" started-at="2017-07-06T13:12:40Z" finished-at="2017-07-06T13:12:41Z">
          <params>
            <param index="0">
              <value>
                <![CDATA[RedRobinRoyaltyTestCases]]>
              </value>
            </param>
            <param index="1">
              <value>
                <![CDATA[LandingPageMain]]>
              </value>
            </param>
            <param index="2">
              <value>
                <![CDATA[RedRobinRoyaltyResults]]>
              </value>
            </param>
            <param index="3">
              <value>
                <![CDATA[Firefox]]>
              </value>
            </param>
            <param index="4">
              <value>
                <![CDATA[TestProfile]]>
              </value>
            </param>
            <param index="5">
              <value>
                <![CDATA[20]]>
              </value>
            </param>
            <param index="6">
              <value>
                <![CDATA[RedRobinRoyalty.properties]]>
              </value>
            </param>
            <param index="7">
              <value>
                <![CDATA[1]]>
              </value>
            </param>
            <param index="8">
              <value>
                <![CDATA[false]]>
              </value>
            </param>
            <param index="9">
              <value>
                <![CDATA[false]]>
              </value>
            </param>
          </params>
          <exception class="java.lang.AssertionError">
            <message>
              <![CDATA[Error in operation RedRobinRoyaltyTestCases\LandingPageMain\Launch RedRobin.com Row 3 GOTOURL RedRobinRoyalty  Expecting: "Success" Actual: "Error: URL property  not found in property file RedRobinRoyalty.properties"]]>
            </message>
            <full-stacktrace>
              <![CDATA[java.lang.AssertionError: Error in operation RedRobinRoyaltyTestCases\LandingPageMain\Launch RedRobin.com Row 3 GOTOURL RedRobinRoyalty  Expecting: "Success" Actual: "Error: URL property  not found in property file RedRobinRoyalty.properties"
	at org.junit.Assert.fail(Assert.java:93)
	at org.junit.Assert.assertTrue(Assert.java:43)
	at raysullivan.operation.AdTestDriver.testDriver(AdTestDriver.java:207)
	at sun.reflect.NativeMethodAccessorImpl.invoke0(Native Method)
	at sun.reflect.NativeMethodAccessorImpl.invoke(Unknown Source)
	at sun.reflect.DelegatingMethodAccessorImpl.invoke(Unknown Source)
	at java.lang.reflect.Method.invoke(Unknown Source)
	at org.testng.internal.MethodInvocationHelper.invokeMethod(MethodInvocationHelper.java:80)
	at org.testng.internal.Invoker.invokeMethod(Invoker.java:714)
	at org.testng.internal.Invoker.invokeTestMethod(Invoker.java:901)
	at org.testng.internal.Invoker.invokeTestMethods(Invoker.java:1231)
	at org.testng.internal.TestMethodWorker.invokeTestMethods(TestMethodWorker.java:127)
	at org.testng.internal.TestMethodWorker.run(TestMethodWorker.java:111)
	at org.testng.TestRunner.privateRun(TestRunner.java:767)
	at org.testng.TestRunner.run(TestRunner.java:617)
	at org.testng.SuiteRunner.runTest(SuiteRunner.java:334)
	at org.testng.SuiteRunner.runSequentially(SuiteRunner.java:329)
	at org.testng.SuiteRunner.privateRun(SuiteRunner.java:291)
	at org.testng.SuiteRunner.run(SuiteRunner.java:240)
	at org.testng.SuiteRunnerWorker.runSuite(SuiteRunnerWorker.java:52)
	at org.testng.SuiteRunnerWorker.run(SuiteRunnerWorker.java:86)
	at org.testng.TestNG.runSuitesSequentially(TestNG.java:1198)
	at org.testng.TestNG.runSuitesLocally(TestNG.java:1123)
	at org.testng.TestNG.run(TestNG.java:1031)
	at org.testng.remote.AbstractRemoteTestNG.run(AbstractRemoteTestNG.java:132)
	at org.testng.remote.RemoteTestNG.initAndRun(RemoteTestNG.java:230)
	at org.testng.remote.RemoteTestNG.main(RemoteTestNG.java:76)
]]>
            </full-stacktrace>
          </exception> <!-- java.lang.AssertionError -->
          <reporter-output>
          </reporter-output>
        </test-method> <!-- testDriver -->
        <test-method status="FAIL" signature="testDriver(java.lang.String, java.lang.String, java.lang.String, java.lang.String, java.lang.String, int, java.lang.String, int, boolean, boolean)[pri:0, instance:raysullivan.driver.RedRobinRoyaltyDriver@5ce81285]" name="testDriver" duration-ms="636" started-at="2017-07-06T13:12:41Z" finished-at="2017-07-06T13:12:41Z">
          <params>
            <param index="0">
              <value>
                <![CDATA[RedRobinRoyaltyTestCases]]>
              </value>
            </param>
            <param index="1">
              <value>
                <![CDATA[LandingPageBottom]]>
              </value>
            </param>
            <param index="2">
              <value>
                <![CDATA[RedRobinRoyaltyResults]]>
              </value>
            </param>
            <param index="3">
              <value>
                <![CDATA[Firefox]]>
              </value>
            </param>
            <param index="4">
              <value>
                <![CDATA[TestProfile]]>
              </value>
            </param>
            <param index="5">
              <value>
                <![CDATA[20]]>
              </value>
            </param>
            <param index="6">
              <value>
                <![CDATA[RedRobinRoyalty.properties]]>
              </value>
            </param>
            <param index="7">
              <value>
                <![CDATA[1]]>
              </value>
            </param>
            <param index="8">
              <value>
                <![CDATA[false]]>
              </value>
            </param>
            <param index="9">
              <value>
                <![CDATA[false]]>
              </value>
            </param>
          </params>
          <exception class="java.lang.AssertionError">
            <message>
              <![CDATA[Error in operation RedRobinRoyaltyTestCases\LandingPageBottom\Launch RedRobin.com Row 3 GOTOURL RedRobinRoyalty  Expecting: "Success" Actual: "Error: URL property  not found in property file RedRobinRoyalty.properties"]]>
            </message>
            <full-stacktrace>
              <![CDATA[java.lang.AssertionError: Error in operation RedRobinRoyaltyTestCases\LandingPageBottom\Launch RedRobin.com Row 3 GOTOURL RedRobinRoyalty  Expecting: "Success" Actual: "Error: URL property  not found in property file RedRobinRoyalty.properties"
	at org.junit.Assert.fail(Assert.java:93)
	at org.junit.Assert.assertTrue(Assert.java:43)
	at raysullivan.operation.AdTestDriver.testDriver(AdTestDriver.java:207)
	at sun.reflect.NativeMethodAccessorImpl.invoke0(Native Method)
	at sun.reflect.NativeMethodAccessorImpl.invoke(Unknown Source)
	at sun.reflect.DelegatingMethodAccessorImpl.invoke(Unknown Source)
	at java.lang.reflect.Method.invoke(Unknown Source)
	at org.testng.internal.MethodInvocationHelper.invokeMethod(MethodInvocationHelper.java:80)
	at org.testng.internal.Invoker.invokeMethod(Invoker.java:714)
	at org.testng.internal.Invoker.invokeTestMethod(Invoker.java:901)
	at org.testng.internal.Invoker.invokeTestMethods(Invoker.java:1231)
	at org.testng.internal.TestMethodWorker.invokeTestMethods(TestMethodWorker.java:127)
	at org.testng.internal.TestMethodWorker.run(TestMethodWorker.java:111)
	at org.testng.TestRunner.privateRun(TestRunner.java:767)
	at org.testng.TestRunner.run(TestRunner.java:617)
	at org.testng.SuiteRunner.runTest(SuiteRunner.java:334)
	at org.testng.SuiteRunner.runSequentially(SuiteRunner.java:329)
	at org.testng.SuiteRunner.privateRun(SuiteRunner.java:291)
	at org.testng.SuiteRunner.run(SuiteRunner.java:240)
	at org.testng.SuiteRunnerWorker.runSuite(SuiteRunnerWorker.java:52)
	at org.testng.SuiteRunnerWorker.run(SuiteRunnerWorker.java:86)
	at org.testng.TestNG.runSuitesSequentially(TestNG.java:1198)
	at org.testng.TestNG.runSuitesLocally(TestNG.java:1123)
	at org.testng.TestNG.run(TestNG.java:1031)
	at org.testng.remote.AbstractRemoteTestNG.run(AbstractRemoteTestNG.java:132)
	at org.testng.remote.RemoteTestNG.initAndRun(RemoteTestNG.java:230)
	at org.testng.remote.RemoteTestNG.main(RemoteTestNG.java:76)
]]>
            </full-stacktrace>
          </exception> <!-- java.lang.AssertionError -->
          <reporter-output>
          </reporter-output>
        </test-method> <!-- testDriver -->
        <test-method status="FAIL" signature="testDriver(java.lang.String, java.lang.String, java.lang.String, java.lang.String, java.lang.String, int, java.lang.String, int, boolean, boolean)[pri:0, instance:raysullivan.driver.RedRobinRoyaltyDriver@5ce81285]" name="testDriver" duration-ms="469" started-at="2017-07-06T13:12:41Z" finished-at="2017-07-06T13:12:42Z">
          <params>
            <param index="0">
              <value>
                <![CDATA[RedRobinRoyaltyTestCases]]>
              </value>
            </param>
            <param index="1">
              <value>
                <![CDATA[LandingPageRegister]]>
              </value>
            </param>
            <param index="2">
              <value>
                <![CDATA[RedRobinRoyaltyResults]]>
              </value>
            </param>
            <param index="3">
              <value>
                <![CDATA[Firefox]]>
              </value>
            </param>
            <param index="4">
              <value>
                <![CDATA[TestProfile]]>
              </value>
            </param>
            <param index="5">
              <value>
                <![CDATA[20]]>
              </value>
            </param>
            <param index="6">
              <value>
                <![CDATA[RedRobinRoyalty.properties]]>
              </value>
            </param>
            <param index="7">
              <value>
                <![CDATA[1]]>
              </value>
            </param>
            <param index="8">
              <value>
                <![CDATA[false]]>
              </value>
            </param>
            <param index="9">
              <value>
                <![CDATA[false]]>
              </value>
            </param>
          </params>
          <exception class="java.lang.AssertionError">
            <message>
              <![CDATA[Error in operation RedRobinRoyaltyTestCases\LandingPageRegister\Launch RedRobin.com Row 3 GOTOURL RedRobinRoyalty  Expecting: "Success" Actual: "Error: URL property  not found in property file RedRobinRoyalty.properties"]]>
            </message>
            <full-stacktrace>
              <![CDATA[java.lang.AssertionError: Error in operation RedRobinRoyaltyTestCases\LandingPageRegister\Launch RedRobin.com Row 3 GOTOURL RedRobinRoyalty  Expecting: "Success" Actual: "Error: URL property  not found in property file RedRobinRoyalty.properties"
	at org.junit.Assert.fail(Assert.java:93)
	at org.junit.Assert.assertTrue(Assert.java:43)
	at raysullivan.operation.AdTestDriver.testDriver(AdTestDriver.java:207)
	at sun.reflect.NativeMethodAccessorImpl.invoke0(Native Method)
	at sun.reflect.NativeMethodAccessorImpl.invoke(Unknown Source)
	at sun.reflect.DelegatingMethodAccessorImpl.invoke(Unknown Source)
	at java.lang.reflect.Method.invoke(Unknown Source)
	at org.testng.internal.MethodInvocationHelper.invokeMethod(MethodInvocationHelper.java:80)
	at org.testng.internal.Invoker.invokeMethod(Invoker.java:714)
	at org.testng.internal.Invoker.invokeTestMethod(Invoker.java:901)
	at org.testng.internal.Invoker.invokeTestMethods(Invoker.java:1231)
	at org.testng.internal.TestMethodWorker.invokeTestMethods(TestMethodWorker.java:127)
	at org.testng.internal.TestMethodWorker.run(TestMethodWorker.java:111)
	at org.testng.TestRunner.privateRun(TestRunner.java:767)
	at org.testng.TestRunner.run(TestRunner.java:617)
	at org.testng.SuiteRunner.runTest(SuiteRunner.java:334)
	at org.testng.SuiteRunner.runSequentially(SuiteRunner.java:329)
	at org.testng.SuiteRunner.privateRun(SuiteRunner.java:291)
	at org.testng.SuiteRunner.run(SuiteRunner.java:240)
	at org.testng.SuiteRunnerWorker.runSuite(SuiteRunnerWorker.java:52)
	at org.testng.SuiteRunnerWorker.run(SuiteRunnerWorker.java:86)
	at org.testng.TestNG.runSuitesSequentially(TestNG.java:1198)
	at org.testng.TestNG.runSuitesLocally(TestNG.java:1123)
	at org.testng.TestNG.run(TestNG.java:1031)
	at org.testng.remote.AbstractRemoteTestNG.run(AbstractRemoteTestNG.java:132)
	at org.testng.remote.RemoteTestNG.initAndRun(RemoteTestNG.java:230)
	at org.testng.remote.RemoteTestNG.main(RemoteTestNG.java:76)
]]>
            </full-stacktrace>
          </exception> <!-- java.lang.AssertionError -->
          <reporter-output>
          </reporter-output>
        </test-method> <!-- testDriver -->
        <test-method status="FAIL" signature="testDriver(java.lang.String, java.lang.String, java.lang.String, java.lang.String, java.lang.String, int, java.lang.String, int, boolean, boolean)[pri:0, instance:raysullivan.driver.RedRobinRoyaltyDriver@5ce81285]" name="testDriver" duration-ms="414" started-at="2017-07-06T13:12:42Z" finished-at="2017-07-06T13:12:42Z">
          <params>
            <param index="0">
              <value>
                <![CDATA[RedRobinRoyaltyTestCases]]>
              </value>
            </param>
            <param index="1">
              <value>
                <![CDATA[LandingPageSignin]]>
              </value>
            </param>
            <param index="2">
              <value>
                <![CDATA[RedRobinRoyaltyResults]]>
              </value>
            </param>
            <param index="3">
              <value>
                <![CDATA[Firefox]]>
              </value>
            </param>
            <param index="4">
              <value>
                <![CDATA[TestProfile]]>
              </value>
            </param>
            <param index="5">
              <value>
                <![CDATA[20]]>
              </value>
            </param>
            <param index="6">
              <value>
                <![CDATA[RedRobinRoyalty.properties]]>
              </value>
            </param>
            <param index="7">
              <value>
                <![CDATA[1]]>
              </value>
            </param>
            <param index="8">
              <value>
                <![CDATA[false]]>
              </value>
            </param>
            <param index="9">
              <value>
                <![CDATA[false]]>
              </value>
            </param>
          </params>
          <exception class="java.lang.AssertionError">
            <message>
              <![CDATA[Error in operation RedRobinRoyaltyTestCases\LandingPageSignin\Launch RedRobin.com Row 3 GOTOURL RedRobinRoyalty  Expecting: "Success" Actual: "Error: URL property  not found in property file RedRobinRoyalty.properties"]]>
            </message>
            <full-stacktrace>
              <![CDATA[java.lang.AssertionError: Error in operation RedRobinRoyaltyTestCases\LandingPageSignin\Launch RedRobin.com Row 3 GOTOURL RedRobinRoyalty  Expecting: "Success" Actual: "Error: URL property  not found in property file RedRobinRoyalty.properties"
	at org.junit.Assert.fail(Assert.java:93)
	at org.junit.Assert.assertTrue(Assert.java:43)
	at raysullivan.operation.AdTestDriver.testDriver(AdTestDriver.java:207)
	at sun.reflect.NativeMethodAccessorImpl.invoke0(Native Method)
	at sun.reflect.NativeMethodAccessorImpl.invoke(Unknown Source)
	at sun.reflect.DelegatingMethodAccessorImpl.invoke(Unknown Source)
	at java.lang.reflect.Method.invoke(Unknown Source)
	at org.testng.internal.MethodInvocationHelper.invokeMethod(MethodInvocationHelper.java:80)
	at org.testng.internal.Invoker.invokeMethod(Invoker.java:714)
	at org.testng.internal.Invoker.invokeTestMethod(Invoker.java:901)
	at org.testng.internal.Invoker.invokeTestMethods(Invoker.java:1231)
	at org.testng.internal.TestMethodWorker.invokeTestMethods(TestMethodWorker.java:127)
	at org.testng.internal.TestMethodWorker.run(TestMethodWorker.java:111)
	at org.testng.TestRunner.privateRun(TestRunner.java:767)
	at org.testng.TestRunner.run(TestRunner.java:617)
	at org.testng.SuiteRunner.runTest(SuiteRunner.java:334)
	at org.testng.SuiteRunner.runSequentially(SuiteRunner.java:329)
	at org.testng.SuiteRunner.privateRun(SuiteRunner.java:291)
	at org.testng.SuiteRunner.run(SuiteRunner.java:240)
	at org.testng.SuiteRunnerWorker.runSuite(SuiteRunnerWorker.java:52)
	at org.testng.SuiteRunnerWorker.run(SuiteRunnerWorker.java:86)
	at org.testng.TestNG.runSuitesSequentially(TestNG.java:1198)
	at org.testng.TestNG.runSuitesLocally(TestNG.java:1123)
	at org.testng.TestNG.run(TestNG.java:1031)
	at org.testng.remote.AbstractRemoteTestNG.run(AbstractRemoteTestNG.java:132)
	at org.testng.remote.RemoteTestNG.initAndRun(RemoteTestNG.java:230)
	at org.testng.remote.RemoteTestNG.main(RemoteTestNG.java:76)
]]>
            </full-stacktrace>
          </exception> <!-- java.lang.AssertionError -->
          <reporter-output>
          </reporter-output>
        </test-method> <!-- testDriver -->
        <test-method status="FAIL" signature="testDriver(java.lang.String, java.lang.String, java.lang.String, java.lang.String, java.lang.String, int, java.lang.String, int, boolean, boolean)[pri:0, instance:raysullivan.driver.RedRobinRoyaltyDriver@5ce81285]" name="testDriver" duration-ms="487" started-at="2017-07-06T13:12:42Z" finished-at="2017-07-06T13:12:43Z">
          <params>
            <param index="0">
              <value>
                <![CDATA[RedRobinRoyaltyTestCases]]>
              </value>
            </param>
            <param index="1">
              <value>
                <![CDATA[LandingPageAlternative]]>
              </value>
            </param>
            <param index="2">
              <value>
                <![CDATA[RedRobinRoyaltyResults]]>
              </value>
            </param>
            <param index="3">
              <value>
                <![CDATA[Firefox]]>
              </value>
            </param>
            <param index="4">
              <value>
                <![CDATA[TestProfile]]>
              </value>
            </param>
            <param index="5">
              <value>
                <![CDATA[20]]>
              </value>
            </param>
            <param index="6">
              <value>
                <![CDATA[RedRobinRoyalty.properties]]>
              </value>
            </param>
            <param index="7">
              <value>
                <![CDATA[1]]>
              </value>
            </param>
            <param index="8">
              <value>
                <![CDATA[false]]>
              </value>
            </param>
            <param index="9">
              <value>
                <![CDATA[false]]>
              </value>
            </param>
          </params>
          <exception class="java.lang.AssertionError">
            <message>
              <![CDATA[Error in operation RedRobinRoyaltyTestCases\LandingPageAlternative\Launch RedRobin.com Row 3 GOTOURL RedRobinRoyalty  Expecting: "Success" Actual: "Error: URL property  not found in property file RedRobinRoyalty.properties"]]>
            </message>
            <full-stacktrace>
              <![CDATA[java.lang.AssertionError: Error in operation RedRobinRoyaltyTestCases\LandingPageAlternative\Launch RedRobin.com Row 3 GOTOURL RedRobinRoyalty  Expecting: "Success" Actual: "Error: URL property  not found in property file RedRobinRoyalty.properties"
	at org.junit.Assert.fail(Assert.java:93)
	at org.junit.Assert.assertTrue(Assert.java:43)
	at raysullivan.operation.AdTestDriver.testDriver(AdTestDriver.java:207)
	at sun.reflect.NativeMethodAccessorImpl.invoke0(Native Method)
	at sun.reflect.NativeMethodAccessorImpl.invoke(Unknown Source)
	at sun.reflect.DelegatingMethodAccessorImpl.invoke(Unknown Source)
	at java.lang.reflect.Method.invoke(Unknown Source)
	at org.testng.internal.MethodInvocationHelper.invokeMethod(MethodInvocationHelper.java:80)
	at org.testng.internal.Invoker.invokeMethod(Invoker.java:714)
	at org.testng.internal.Invoker.invokeTestMethod(Invoker.java:901)
	at org.testng.internal.Invoker.invokeTestMethods(Invoker.java:1231)
	at org.testng.internal.TestMethodWorker.invokeTestMethods(TestMethodWorker.java:127)
	at org.testng.internal.TestMethodWorker.run(TestMethodWorker.java:111)
	at org.testng.TestRunner.privateRun(TestRunner.java:767)
	at org.testng.TestRunner.run(TestRunner.java:617)
	at org.testng.SuiteRunner.runTest(SuiteRunner.java:334)
	at org.testng.SuiteRunner.runSequentially(SuiteRunner.java:329)
	at org.testng.SuiteRunner.privateRun(SuiteRunner.java:291)
	at org.testng.SuiteRunner.run(SuiteRunner.java:240)
	at org.testng.SuiteRunnerWorker.runSuite(SuiteRunnerWorker.java:52)
	at org.testng.SuiteRunnerWorker.run(SuiteRunnerWorker.java:86)
	at org.testng.TestNG.runSuitesSequentially(TestNG.java:1198)
	at org.testng.TestNG.runSuitesLocally(TestNG.java:1123)
	at org.testng.TestNG.run(TestNG.java:1031)
	at org.testng.remote.AbstractRemoteTestNG.run(AbstractRemoteTestNG.java:132)
	at org.testng.remote.RemoteTestNG.initAndRun(RemoteTestNG.java:230)
	at org.testng.remote.RemoteTestNG.main(RemoteTestNG.java:76)
]]>
            </full-stacktrace>
          </exception> <!-- java.lang.AssertionError -->
          <reporter-output>
          </reporter-output>
        </test-method> <!-- testDriver -->
        <test-method status="FAIL" signature="testDriver(java.lang.String, java.lang.String, java.lang.String, java.lang.String, java.lang.String, int, java.lang.String, int, boolean, boolean)[pri:0, instance:raysullivan.driver.RedRobinRoyaltyDriver@5ce81285]" name="testDriver" duration-ms="428" started-at="2017-07-06T13:12:43Z" finished-at="2017-07-06T13:12:43Z">
          <params>
            <param index="0">
              <value>
                <![CDATA[RedRobinRoyaltyTestCases]]>
              </value>
            </param>
            <param index="1">
              <value>
                <![CDATA[LandingPageWidgets]]>
              </value>
            </param>
            <param index="2">
              <value>
                <![CDATA[RedRobinRoyaltyResults]]>
              </value>
            </param>
            <param index="3">
              <value>
                <![CDATA[Firefox]]>
              </value>
            </param>
            <param index="4">
              <value>
                <![CDATA[TestProfile]]>
              </value>
            </param>
            <param index="5">
              <value>
                <![CDATA[20]]>
              </value>
            </param>
            <param index="6">
              <value>
                <![CDATA[RedRobinRoyalty.properties]]>
              </value>
            </param>
            <param index="7">
              <value>
                <![CDATA[1]]>
              </value>
            </param>
            <param index="8">
              <value>
                <![CDATA[false]]>
              </value>
            </param>
            <param index="9">
              <value>
                <![CDATA[false]]>
              </value>
            </param>
          </params>
          <exception class="java.lang.AssertionError">
            <message>
              <![CDATA[Error in operation RedRobinRoyaltyTestCases\LandingPageWidgets\Launch RedRobin.com Row 3 GOTOURL RedRobinRoyalty  Expecting: "Success" Actual: "Error: URL property  not found in property file RedRobinRoyalty.properties"]]>
            </message>
            <full-stacktrace>
              <![CDATA[java.lang.AssertionError: Error in operation RedRobinRoyaltyTestCases\LandingPageWidgets\Launch RedRobin.com Row 3 GOTOURL RedRobinRoyalty  Expecting: "Success" Actual: "Error: URL property  not found in property file RedRobinRoyalty.properties"
	at org.junit.Assert.fail(Assert.java:93)
	at org.junit.Assert.assertTrue(Assert.java:43)
	at raysullivan.operation.AdTestDriver.testDriver(AdTestDriver.java:207)
	at sun.reflect.NativeMethodAccessorImpl.invoke0(Native Method)
	at sun.reflect.NativeMethodAccessorImpl.invoke(Unknown Source)
	at sun.reflect.DelegatingMethodAccessorImpl.invoke(Unknown Source)
	at java.lang.reflect.Method.invoke(Unknown Source)
	at org.testng.internal.MethodInvocationHelper.invokeMethod(MethodInvocationHelper.java:80)
	at org.testng.internal.Invoker.invokeMethod(Invoker.java:714)
	at org.testng.internal.Invoker.invokeTestMethod(Invoker.java:901)
	at org.testng.internal.Invoker.invokeTestMethods(Invoker.java:1231)
	at org.testng.internal.TestMethodWorker.invokeTestMethods(TestMethodWorker.java:127)
	at org.testng.internal.TestMethodWorker.run(TestMethodWorker.java:111)
	at org.testng.TestRunner.privateRun(TestRunner.java:767)
	at org.testng.TestRunner.run(TestRunner.java:617)
	at org.testng.SuiteRunner.runTest(SuiteRunner.java:334)
	at org.testng.SuiteRunner.runSequentially(SuiteRunner.java:329)
	at org.testng.SuiteRunner.privateRun(SuiteRunner.java:291)
	at org.testng.SuiteRunner.run(SuiteRunner.java:240)
	at org.testng.SuiteRunnerWorker.runSuite(SuiteRunnerWorker.java:52)
	at org.testng.SuiteRunnerWorker.run(SuiteRunnerWorker.java:86)
	at org.testng.TestNG.runSuitesSequentially(TestNG.java:1198)
	at org.testng.TestNG.runSuitesLocally(TestNG.java:1123)
	at org.testng.TestNG.run(TestNG.java:1031)
	at org.testng.remote.AbstractRemoteTestNG.run(AbstractRemoteTestNG.java:132)
	at org.testng.remote.RemoteTestNG.initAndRun(RemoteTestNG.java:230)
	at org.testng.remote.RemoteTestNG.main(RemoteTestNG.java:76)
]]>
            </full-stacktrace>
          </exception> <!-- java.lang.AssertionError -->
          <reporter-output>
          </reporter-output>
        </test-method> <!-- testDriver -->
        <test-method status="FAIL" signature="testDriver(java.lang.String, java.lang.String, java.lang.String, java.lang.String, java.lang.String, int, java.lang.String, int, boolean, boolean)[pri:0, instance:raysullivan.driver.RedRobinRoyaltyDriver@5ce81285]" name="testDriver" duration-ms="389" started-at="2017-07-06T13:12:43Z" finished-at="2017-07-06T13:12:44Z">
          <params>
            <param index="0">
              <value>
                <![CDATA[RedRobinRoyaltyTestCases]]>
              </value>
            </param>
            <param index="1">
              <value>
                <![CDATA[Locations]]>
              </value>
            </param>
            <param index="2">
              <value>
                <![CDATA[RedRobinRoyaltyResults]]>
              </value>
            </param>
            <param index="3">
              <value>
                <![CDATA[Firefox]]>
              </value>
            </param>
            <param index="4">
              <value>
                <![CDATA[TestProfile]]>
              </value>
            </param>
            <param index="5">
              <value>
                <![CDATA[20]]>
              </value>
            </param>
            <param index="6">
              <value>
                <![CDATA[RedRobinRoyalty.properties]]>
              </value>
            </param>
            <param index="7">
              <value>
                <![CDATA[1]]>
              </value>
            </param>
            <param index="8">
              <value>
                <![CDATA[false]]>
              </value>
            </param>
            <param index="9">
              <value>
                <![CDATA[false]]>
              </value>
            </param>
          </params>
          <exception class="java.lang.AssertionError">
            <message>
              <![CDATA[Error in operation RedRobinRoyaltyTestCases\Locations\Launch RedRobin.com Row 3 GOTOURL RedRobinRoyalty  Expecting: "Success" Actual: "Error: URL property  not found in property file RedRobinRoyalty.properties"]]>
            </message>
            <full-stacktrace>
              <![CDATA[java.lang.AssertionError: Error in operation RedRobinRoyaltyTestCases\Locations\Launch RedRobin.com Row 3 GOTOURL RedRobinRoyalty  Expecting: "Success" Actual: "Error: URL property  not found in property file RedRobinRoyalty.properties"
	at org.junit.Assert.fail(Assert.java:93)
	at org.junit.Assert.assertTrue(Assert.java:43)
	at raysullivan.operation.AdTestDriver.testDriver(AdTestDriver.java:207)
	at sun.reflect.NativeMethodAccessorImpl.invoke0(Native Method)
	at sun.reflect.NativeMethodAccessorImpl.invoke(Unknown Source)
	at sun.reflect.DelegatingMethodAccessorImpl.invoke(Unknown Source)
	at java.lang.reflect.Method.invoke(Unknown Source)
	at org.testng.internal.MethodInvocationHelper.invokeMethod(MethodInvocationHelper.java:80)
	at org.testng.internal.Invoker.invokeMethod(Invoker.java:714)
	at org.testng.internal.Invoker.invokeTestMethod(Invoker.java:901)
	at org.testng.internal.Invoker.invokeTestMethods(Invoker.java:1231)
	at org.testng.internal.TestMethodWorker.invokeTestMethods(TestMethodWorker.java:127)
	at org.testng.internal.TestMethodWorker.run(TestMethodWorker.java:111)
	at org.testng.TestRunner.privateRun(TestRunner.java:767)
	at org.testng.TestRunner.run(TestRunner.java:617)
	at org.testng.SuiteRunner.runTest(SuiteRunner.java:334)
	at org.testng.SuiteRunner.runSequentially(SuiteRunner.java:329)
	at org.testng.SuiteRunner.privateRun(SuiteRunner.java:291)
	at org.testng.SuiteRunner.run(SuiteRunner.java:240)
	at org.testng.SuiteRunnerWorker.runSuite(SuiteRunnerWorker.java:52)
	at org.testng.SuiteRunnerWorker.run(SuiteRunnerWorker.java:86)
	at org.testng.TestNG.runSuitesSequentially(TestNG.java:1198)
	at org.testng.TestNG.runSuitesLocally(TestNG.java:1123)
	at org.testng.TestNG.run(TestNG.java:1031)
	at org.testng.remote.AbstractRemoteTestNG.run(AbstractRemoteTestNG.java:132)
	at org.testng.remote.RemoteTestNG.initAndRun(RemoteTestNG.java:230)
	at org.testng.remote.RemoteTestNG.main(RemoteTestNG.java:76)
]]>
            </full-stacktrace>
          </exception> <!-- java.lang.AssertionError -->
          <reporter-output>
          </reporter-output>
        </test-method> <!-- testDriver -->
        <test-method status="FAIL" signature="testDriver(java.lang.String, java.lang.String, java.lang.String, java.lang.String, java.lang.String, int, java.lang.String, int, boolean, boolean)[pri:0, instance:raysullivan.driver.RedRobinRoyaltyDriver@5ce81285]" name="testDriver" duration-ms="478" started-at="2017-07-06T13:12:44Z" finished-at="2017-07-06T13:12:44Z">
          <params>
            <param index="0">
              <value>
                <![CDATA[RedRobinRoyaltyTestCases]]>
              </value>
            </param>
            <param index="1">
              <value>
                <![CDATA[Terms]]>
              </value>
            </param>
            <param index="2">
              <value>
                <![CDATA[RedRobinRoyaltyResults]]>
              </value>
            </param>
            <param index="3">
              <value>
                <![CDATA[Firefox]]>
              </value>
            </param>
            <param index="4">
              <value>
                <![CDATA[TestProfile]]>
              </value>
            </param>
            <param index="5">
              <value>
                <![CDATA[20]]>
              </value>
            </param>
            <param index="6">
              <value>
                <![CDATA[RedRobinRoyalty.properties]]>
              </value>
            </param>
            <param index="7">
              <value>
                <![CDATA[1]]>
              </value>
            </param>
            <param index="8">
              <value>
                <![CDATA[false]]>
              </value>
            </param>
            <param index="9">
              <value>
                <![CDATA[false]]>
              </value>
            </param>
          </params>
          <exception class="java.lang.AssertionError">
            <message>
              <![CDATA[Error in operation RedRobinRoyaltyTestCases\Terms\Launch RedRobin.com Row 3 GOTOURL RedRobinRoyalty  Expecting: "Success" Actual: "Error: URL property  not found in property file RedRobinRoyalty.properties"]]>
            </message>
            <full-stacktrace>
              <![CDATA[java.lang.AssertionError: Error in operation RedRobinRoyaltyTestCases\Terms\Launch RedRobin.com Row 3 GOTOURL RedRobinRoyalty  Expecting: "Success" Actual: "Error: URL property  not found in property file RedRobinRoyalty.properties"
	at org.junit.Assert.fail(Assert.java:93)
	at org.junit.Assert.assertTrue(Assert.java:43)
	at raysullivan.operation.AdTestDriver.testDriver(AdTestDriver.java:207)
	at sun.reflect.NativeMethodAccessorImpl.invoke0(Native Method)
	at sun.reflect.NativeMethodAccessorImpl.invoke(Unknown Source)
	at sun.reflect.DelegatingMethodAccessorImpl.invoke(Unknown Source)
	at java.lang.reflect.Method.invoke(Unknown Source)
	at org.testng.internal.MethodInvocationHelper.invokeMethod(MethodInvocationHelper.java:80)
	at org.testng.internal.Invoker.invokeMethod(Invoker.java:714)
	at org.testng.internal.Invoker.invokeTestMethod(Invoker.java:901)
	at org.testng.internal.Invoker.invokeTestMethods(Invoker.java:1231)
	at org.testng.internal.TestMethodWorker.invokeTestMethods(TestMethodWorker.java:127)
	at org.testng.internal.TestMethodWorker.run(TestMethodWorker.java:111)
	at org.testng.TestRunner.privateRun(TestRunner.java:767)
	at org.testng.TestRunner.run(TestRunner.java:617)
	at org.testng.SuiteRunner.runTest(SuiteRunner.java:334)
	at org.testng.SuiteRunner.runSequentially(SuiteRunner.java:329)
	at org.testng.SuiteRunner.privateRun(SuiteRunner.java:291)
	at org.testng.SuiteRunner.run(SuiteRunner.java:240)
	at org.testng.SuiteRunnerWorker.runSuite(SuiteRunnerWorker.java:52)
	at org.testng.SuiteRunnerWorker.run(SuiteRunnerWorker.java:86)
	at org.testng.TestNG.runSuitesSequentially(TestNG.java:1198)
	at org.testng.TestNG.runSuitesLocally(TestNG.java:1123)
	at org.testng.TestNG.run(TestNG.java:1031)
	at org.testng.remote.AbstractRemoteTestNG.run(AbstractRemoteTestNG.java:132)
	at org.testng.remote.RemoteTestNG.initAndRun(RemoteTestNG.java:230)
	at org.testng.remote.RemoteTestNG.main(RemoteTestNG.java:76)
]]>
            </full-stacktrace>
          </exception> <!-- java.lang.AssertionError -->
          <reporter-output>
          </reporter-output>
        </test-method> <!-- testDriver -->
        <test-method status="FAIL" signature="testDriver(java.lang.String, java.lang.String, java.lang.String, java.lang.String, java.lang.String, int, java.lang.String, int, boolean, boolean)[pri:0, instance:raysullivan.driver.RedRobinRoyaltyDriver@5ce81285]" name="testDriver" duration-ms="589" started-at="2017-07-06T13:12:44Z" finished-at="2017-07-06T13:12:45Z">
          <params>
            <param index="0">
              <value>
                <![CDATA[RedRobinRoyaltyTestCases]]>
              </value>
            </param>
            <param index="1">
              <value>
                <![CDATA[SignIn]]>
              </value>
            </param>
            <param index="2">
              <value>
                <![CDATA[RedRobinRoyaltyResults]]>
              </value>
            </param>
            <param index="3">
              <value>
                <![CDATA[Firefox]]>
              </value>
            </param>
            <param index="4">
              <value>
                <![CDATA[TestProfile]]>
              </value>
            </param>
            <param index="5">
              <value>
                <![CDATA[20]]>
              </value>
            </param>
            <param index="6">
              <value>
                <![CDATA[RedRobinRoyaltySignIn.properties]]>
              </value>
            </param>
            <param index="7">
              <value>
                <![CDATA[1]]>
              </value>
            </param>
            <param index="8">
              <value>
                <![CDATA[false]]>
              </value>
            </param>
            <param index="9">
              <value>
                <![CDATA[false]]>
              </value>
            </param>
          </params>
          <exception class="java.lang.AssertionError">
            <message>
              <![CDATA[Error in operation RedRobinRoyaltyTestCases\SignIn\Launch RedRobin.com Row 3 GOTOURL RedRobinRoyalty  Expecting: "Success" Actual: "Error: URL property  not found in property file RedRobinRoyaltySignIn.properties"]]>
            </message>
            <full-stacktrace>
              <![CDATA[java.lang.AssertionError: Error in operation RedRobinRoyaltyTestCases\SignIn\Launch RedRobin.com Row 3 GOTOURL RedRobinRoyalty  Expecting: "Success" Actual: "Error: URL property  not found in property file RedRobinRoyaltySignIn.properties"
	at org.junit.Assert.fail(Assert.java:93)
	at org.junit.Assert.assertTrue(Assert.java:43)
	at raysullivan.operation.AdTestDriver.testDriver(AdTestDriver.java:207)
	at sun.reflect.NativeMethodAccessorImpl.invoke0(Native Method)
	at sun.reflect.NativeMethodAccessorImpl.invoke(Unknown Source)
	at sun.reflect.DelegatingMethodAccessorImpl.invoke(Unknown Source)
	at java.lang.reflect.Method.invoke(Unknown Source)
	at org.testng.internal.MethodInvocationHelper.invokeMethod(MethodInvocationHelper.java:80)
	at org.testng.internal.Invoker.invokeMethod(Invoker.java:714)
	at org.testng.internal.Invoker.invokeTestMethod(Invoker.java:901)
	at org.testng.internal.Invoker.invokeTestMethods(Invoker.java:1231)
	at org.testng.internal.TestMethodWorker.invokeTestMethods(TestMethodWorker.java:127)
	at org.testng.internal.TestMethodWorker.run(TestMethodWorker.java:111)
	at org.testng.TestRunner.privateRun(TestRunner.java:767)
	at org.testng.TestRunner.run(TestRunner.java:617)
	at org.testng.SuiteRunner.runTest(SuiteRunner.java:334)
	at org.testng.SuiteRunner.runSequentially(SuiteRunner.java:329)
	at org.testng.SuiteRunner.privateRun(SuiteRunner.java:291)
	at org.testng.SuiteRunner.run(SuiteRunner.java:240)
	at org.testng.SuiteRunnerWorker.runSuite(SuiteRunnerWorker.java:52)
	at org.testng.SuiteRunnerWorker.run(SuiteRunnerWorker.java:86)
	at org.testng.TestNG.runSuitesSequentially(TestNG.java:1198)
	at org.testng.TestNG.runSuitesLocally(TestNG.java:1123)
	at org.testng.TestNG.run(TestNG.java:1031)
	at org.testng.remote.AbstractRemoteTestNG.run(AbstractRemoteTestNG.java:132)
	at org.testng.remote.RemoteTestNG.initAndRun(RemoteTestNG.java:230)
	at org.testng.remote.RemoteTestNG.main(RemoteTestNG.java:76)
]]>
            </full-stacktrace>
          </exception> <!-- java.lang.AssertionError -->
          <reporter-output>
          </reporter-output>
        </test-method> <!-- testDriver -->
        <test-method status="PASS" signature="afterTest()[pri:0, instance:raysullivan.driver.RedRobinRoyaltyDriver@5ce81285]" name="afterTest" is-config="true" duration-ms="1005" started-at="2017-07-06T13:12:45Z" finished-at="2017-07-06T13:12:46Z">
          <reporter-output>
          </reporter-output>
        </test-method> <!-- afterTest -->
        <test-method status="PASS" signature="afterSuite()[pri:0, instance:raysullivan.driver.RedRobinRoyaltyDriver@5ce81285]" name="afterSuite" is-config="true" duration-ms="1491" started-at="2017-07-06T13:12:46Z" finished-at="2017-07-06T13:12:48Z">
          <reporter-output>
          </reporter-output>
        </test-method> <!-- afterSuite -->
      </class> <!-- raysullivan.driver.RedRobinRoyaltyDriver -->
    </test> <!-- Red Robin Royalty Test -->
  </suite> <!-- Red Robin Royalty -->
</testng-results>
